2021-06-27 22:06:972 INFO  BasePage :31 - Launching Chrome Browser 
2021-06-27 22:06:923 INFO  HomePage :42 - Clicking on login link : [[ChromeDriver: chrome on WINDOWS (25dfe7c6c9ecfac58b40ef205dc20f56)] -> link text: Log in]
2021-06-27 22:06:986 INFO  LoginPage :55 - Getting text from : [[ChromeDriver: chrome on WINDOWS (25dfe7c6c9ecfac58b40ef205dc20f56)] -> xpath: //div[@class='page-title']//h1]
2021-06-27 22:06:907 INFO  BasePage :31 - Launching Chrome Browser 
2021-06-27 22:06:435 INFO  HomePage :42 - Clicking on login link : [[ChromeDriver: chrome on WINDOWS (9f306ca2db577cd726c798939867b8bc)] -> link text: Log in]
2021-06-27 22:06:673 INFO  LoginPage :38 - Entering email address : jyot@yahoo.com to email field : [[ChromeDriver: chrome on WINDOWS (9f306ca2db577cd726c798939867b8bc)] -> id: Email]
2021-06-27 22:06:936 INFO  LoginPage :44 - Entering password : abc123 to password field : [[ChromeDriver: chrome on WINDOWS (9f306ca2db577cd726c798939867b8bc)] -> id: Password]
2021-06-27 22:06:314 INFO  LoginPage :50 - Clicking on login button : [[ChromeDriver: chrome on WINDOWS (9f306ca2db577cd726c798939867b8bc)] -> xpath: //button[@class='button-1 login-button']]
2021-06-27 22:06:366 INFO  LoginPage :65 - Getting text from : [[ChromeDriver: chrome on WINDOWS (9f306ca2db577cd726c798939867b8bc)] -> xpath: //div[@class='topic-block-title']//h2]
2021-06-27 22:06:17 INFO  BasePage :31 - Launching Chrome Browser 
2021-06-27 22:06:472 INFO  HomePage :42 - Clicking on login link : [[ChromeDriver: chrome on WINDOWS (7613e69c109086abc3078428ac0399ca)] -> link text: Log in]
2021-06-27 22:06:36 INFO  LoginPage :38 - Entering email address : abcd123@gmail.com to email field : [[ChromeDriver: chrome on WINDOWS (7613e69c109086abc3078428ac0399ca)] -> id: Email]
2021-06-27 22:06:337 INFO  LoginPage :44 - Entering password : xyz123 to password field : [[ChromeDriver: chrome on WINDOWS (7613e69c109086abc3078428ac0399ca)] -> id: Password]
2021-06-27 22:06:698 INFO  LoginPage :50 - Clicking on login button : [[ChromeDriver: chrome on WINDOWS (7613e69c109086abc3078428ac0399ca)] -> xpath: //button[@class='button-1 login-button']]
2021-06-27 22:06:919 INFO  BasePage :31 - Launching Chrome Browser 
2021-06-27 22:06:598 INFO  HomePage :42 - Clicking on login link : [[ChromeDriver: chrome on WINDOWS (9113977e25783c51479da9e46dbd12af)] -> link text: Log in]
2021-06-27 22:06:53 INFO  LoginPage :38 - Entering email address : xyz123@gmail.com to email field : [[ChromeDriver: chrome on WINDOWS (9113977e25783c51479da9e46dbd12af)] -> id: Email]
2021-06-27 22:06:538 INFO  LoginPage :44 - Entering password : abc123 to password field : [[ChromeDriver: chrome on WINDOWS (9113977e25783c51479da9e46dbd12af)] -> id: Password]
2021-06-27 22:06:390 INFO  LoginPage :50 - Clicking on login button : [[ChromeDriver: chrome on WINDOWS (9113977e25783c51479da9e46dbd12af)] -> xpath: //button[@class='button-1 login-button']]
2021-06-27 22:06:156 INFO  BasePage :31 - Launching Chrome Browser 
2021-06-27 22:06:502 INFO  HomePage :42 - Clicking on login link : [[ChromeDriver: chrome on WINDOWS (5cf4bd2d1fe413d39806c08fff73a33a)] -> link text: Log in]
2021-06-27 22:06:992 INFO  LoginPage :38 - Entering email address : adcs124@gmail.com to email field : [[ChromeDriver: chrome on WINDOWS (5cf4bd2d1fe413d39806c08fff73a33a)] -> id: Email]
2021-06-27 22:06:320 INFO  LoginPage :44 - Entering password : adc123 to password field : [[ChromeDriver: chrome on WINDOWS (5cf4bd2d1fe413d39806c08fff73a33a)] -> id: Password]
2021-06-27 22:06:657 INFO  LoginPage :50 - Clicking on login button : [[ChromeDriver: chrome on WINDOWS (5cf4bd2d1fe413d39806c08fff73a33a)] -> xpath: //button[@class='button-1 login-button']]
2021-06-27 23:06:834 INFO  BasePage :31 - Launching Chrome Browser 
2021-06-27 23:06:942 INFO  HomePage :42 - Clicking on login link : [[ChromeDriver: chrome on WINDOWS (cdd25c0c3187f4da2fb3090712735f94)] -> link text: Log in]
2021-06-27 23:06:494 INFO  LoginPage :38 - Entering email address : abcd123@gmail.com to email field : [[ChromeDriver: chrome on WINDOWS (cdd25c0c3187f4da2fb3090712735f94)] -> id: Email]
2021-06-27 23:06:742 INFO  LoginPage :44 - Entering password : xyz123 to password field : [[ChromeDriver: chrome on WINDOWS (cdd25c0c3187f4da2fb3090712735f94)] -> id: Password]
2021-06-27 23:06:96 INFO  LoginPage :50 - Clicking on login button : [[ChromeDriver: chrome on WINDOWS (cdd25c0c3187f4da2fb3090712735f94)] -> xpath: //button[@class='button-1 login-button']]
2021-06-27 23:06:78 INFO  BasePage :31 - Launching Chrome Browser 
2021-06-27 23:06:333 INFO  HomePage :42 - Clicking on login link : [[ChromeDriver: chrome on WINDOWS (8fbd123557b44a63d292f42da27d3c82)] -> link text: Log in]
2021-06-27 23:06:629 INFO  LoginPage :38 - Entering email address : xyz123@gmail.com to email field : [[ChromeDriver: chrome on WINDOWS (8fbd123557b44a63d292f42da27d3c82)] -> id: Email]
2021-06-27 23:06:892 INFO  LoginPage :44 - Entering password : abc123 to password field : [[ChromeDriver: chrome on WINDOWS (8fbd123557b44a63d292f42da27d3c82)] -> id: Password]
2021-06-27 23:06:101 INFO  LoginPage :50 - Clicking on login button : [[ChromeDriver: chrome on WINDOWS (8fbd123557b44a63d292f42da27d3c82)] -> xpath: //button[@class='button-1 login-button']]
2021-06-27 23:06:510 INFO  BasePage :31 - Launching Chrome Browser 
2021-06-27 23:06:913 INFO  HomePage :42 - Clicking on login link : [[ChromeDriver: chrome on WINDOWS (0ccb97bb981301367600fe63b3f69e87)] -> link text: Log in]
2021-06-27 23:06:407 INFO  LoginPage :38 - Entering email address : adcs124@gmail.com to email field : [[ChromeDriver: chrome on WINDOWS (0ccb97bb981301367600fe63b3f69e87)] -> id: Email]
2021-06-27 23:06:697 INFO  LoginPage :44 - Entering password : adc123 to password field : [[ChromeDriver: chrome on WINDOWS (0ccb97bb981301367600fe63b3f69e87)] -> id: Password]
2021-06-27 23:06:991 INFO  LoginPage :50 - Clicking on login button : [[ChromeDriver: chrome on WINDOWS (0ccb97bb981301367600fe63b3f69e87)] -> xpath: //button[@class='button-1 login-button']]
2021-06-28 22:06:518 INFO  BasePage :31 - Launching Chrome Browser 
2021-06-28 22:06:32 INFO  HomePage :42 - Clicking on login link : [[ChromeDriver: chrome on WINDOWS (e6772cbfe5ccf91bd72980465afd28d7)] -> link text: Log in]
2021-06-28 22:06:931 INFO  LoginPage :38 - Entering email address : abcd123@gmail.com to email field : [[ChromeDriver: chrome on WINDOWS (e6772cbfe5ccf91bd72980465afd28d7)] -> id: Email]
2021-06-28 22:06:147 INFO  LoginPage :44 - Entering password : xyz123 to password field : [[ChromeDriver: chrome on WINDOWS (e6772cbfe5ccf91bd72980465afd28d7)] -> id: Password]
2021-06-28 22:06:489 INFO  LoginPage :50 - Clicking on login button : [[ChromeDriver: chrome on WINDOWS (e6772cbfe5ccf91bd72980465afd28d7)] -> xpath: //button[@class='button-1 login-button']]
2021-06-28 22:06:731 INFO  BasePage :31 - Launching Chrome Browser 
2021-06-28 22:06:977 INFO  HomePage :42 - Clicking on login link : [[ChromeDriver: chrome on WINDOWS (9d36d1508fc38bdd7c4c61f4169d805b)] -> link text: Log in]
2021-06-28 22:06:356 INFO  LoginPage :38 - Entering email address : xyz123@gmail.com to email field : [[ChromeDriver: chrome on WINDOWS (9d36d1508fc38bdd7c4c61f4169d805b)] -> id: Email]
2021-06-28 22:06:608 INFO  LoginPage :44 - Entering password : abc123 to password field : [[ChromeDriver: chrome on WINDOWS (9d36d1508fc38bdd7c4c61f4169d805b)] -> id: Password]
2021-06-28 22:06:831 INFO  LoginPage :50 - Clicking on login button : [[ChromeDriver: chrome on WINDOWS (9d36d1508fc38bdd7c4c61f4169d805b)] -> xpath: //button[@class='button-1 login-button']]
2021-06-28 22:06:344 INFO  BasePage :31 - Launching Chrome Browser 
2021-06-28 22:06:568 INFO  HomePage :42 - Clicking on login link : [[ChromeDriver: chrome on WINDOWS (447b71e916ce176c8ca4f38f64fa7cb1)] -> link text: Log in]
2021-06-28 22:06:945 INFO  LoginPage :38 - Entering email address : adcs124@gmail.com to email field : [[ChromeDriver: chrome on WINDOWS (447b71e916ce176c8ca4f38f64fa7cb1)] -> id: Email]
2021-06-28 22:06:208 INFO  LoginPage :44 - Entering password : adc123 to password field : [[ChromeDriver: chrome on WINDOWS (447b71e916ce176c8ca4f38f64fa7cb1)] -> id: Password]
2021-06-28 22:06:483 INFO  LoginPage :50 - Clicking on login button : [[ChromeDriver: chrome on WINDOWS (447b71e916ce176c8ca4f38f64fa7cb1)] -> xpath: //button[@class='button-1 login-button']]
2021-06-28 22:06:998 INFO  BasePage :31 - Launching Chrome Browser 
2021-06-28 22:06:34 INFO  HomePage :42 - Clicking on login link : [[ChromeDriver: chrome on WINDOWS (d5d0c125624f6dc4f19d2f647aa2a22d)] -> link text: Log in]
2021-06-28 22:06:857 INFO  LoginPage :38 - Entering email address : abcd123@gmail.com to email field : [[ChromeDriver: chrome on WINDOWS (d5d0c125624f6dc4f19d2f647aa2a22d)] -> id: Email]
2021-06-28 22:06:649 INFO  LoginPage :44 - Entering password : xyz123 to password field : [[ChromeDriver: chrome on WINDOWS (d5d0c125624f6dc4f19d2f647aa2a22d)] -> id: Password]
2021-06-28 22:06:896 INFO  LoginPage :50 - Clicking on login button : [[ChromeDriver: chrome on WINDOWS (d5d0c125624f6dc4f19d2f647aa2a22d)] -> xpath: //button[@class='button-1 login-button']]
2021-06-28 22:06:495 INFO  BasePage :31 - Launching Chrome Browser 
2021-06-28 22:06:110 INFO  HomePage :42 - Clicking on login link : [[ChromeDriver: chrome on WINDOWS (8552b106ad1db03e106b3b2ab9dc3966)] -> link text: Log in]
2021-06-28 22:06:895 INFO  LoginPage :38 - Entering email address : xyz123@gmail.com to email field : [[ChromeDriver: chrome on WINDOWS (8552b106ad1db03e106b3b2ab9dc3966)] -> id: Email]
2021-06-28 22:06:687 INFO  LoginPage :44 - Entering password : abc123 to password field : [[ChromeDriver: chrome on WINDOWS (8552b106ad1db03e106b3b2ab9dc3966)] -> id: Password]
2021-06-28 22:06:891 INFO  LoginPage :50 - Clicking on login button : [[ChromeDriver: chrome on WINDOWS (8552b106ad1db03e106b3b2ab9dc3966)] -> xpath: //button[@class='button-1 login-button']]
2021-06-28 22:06:421 INFO  BasePage :31 - Launching Chrome Browser 
2021-06-28 22:06:809 INFO  HomePage :42 - Clicking on login link : [[ChromeDriver: chrome on WINDOWS (4d2a885cd8092028a9f87aa17a0be2b5)] -> link text: Log in]
2021-06-28 22:06:603 INFO  LoginPage :38 - Entering email address : adcs124@gmail.com to email field : [[ChromeDriver: chrome on WINDOWS (4d2a885cd8092028a9f87aa17a0be2b5)] -> id: Email]
2021-06-28 22:06:310 INFO  LoginPage :44 - Entering password : adc123 to password field : [[ChromeDriver: chrome on WINDOWS (4d2a885cd8092028a9f87aa17a0be2b5)] -> id: Password]
2021-06-28 22:06:980 INFO  LoginPage :50 - Clicking on login button : [[ChromeDriver: chrome on WINDOWS (4d2a885cd8092028a9f87aa17a0be2b5)] -> xpath: //button[@class='button-1 login-button']]
2021-06-28 22:06:542 INFO  BasePage :31 - Launching Chrome Browser 
2021-06-28 22:06:106 INFO  HomePage :54 - Clicking on computer link : [[ChromeDriver: chrome on WINDOWS (41e19282d2e9b359018612a89e2b2688)] -> link text: Computers]
2021-06-28 22:06:93 INFO  ComputerPage :34 - Click on deskTop  link : [[ChromeDriver: chrome on WINDOWS (41e19282d2e9b359018612a89e2b2688)] -> link text: Desktops]
2021-06-28 22:06:185 INFO  ComputerPage :50 - verify deskTop text : [[ChromeDriver: chrome on WINDOWS (41e19282d2e9b359018612a89e2b2688)] -> xpath: //h1[contains(text(),'Desktops')]]
2021-06-28 22:06:160 INFO  BasePage :31 - Launching Chrome Browser 
2021-06-28 22:06:958 INFO  HomePage :54 - Clicking on computer link : [[ChromeDriver: chrome on WINDOWS (e7c6c9026e1d369c428e2ed56635ff49)] -> link text: Computers]
2021-06-28 22:06:960 INFO  ComputerPage :39 - Click on noteBook  link : [[ChromeDriver: chrome on WINDOWS (e7c6c9026e1d369c428e2ed56635ff49)] -> xpath: //ul[@class='top-menu notmobile']/li[1]/ul/li[2]/a]
2021-06-28 22:06:24 INFO  ComputerPage :55 - verify NoteBook : [[ChromeDriver: chrome on WINDOWS (e7c6c9026e1d369c428e2ed56635ff49)] -> xpath: //h1[contains(text(),'Notebooks')]]
2021-06-28 22:06:217 INFO  BasePage :31 - Launching Chrome Browser 
2021-06-28 22:06:677 INFO  HomePage :54 - Clicking on computer link : [[ChromeDriver: chrome on WINDOWS (14f9e5f3611f17c75a76ea0270daf8e5)] -> link text: Computers]
2021-06-28 22:06:19 INFO  ComputerPage :45 - Click on Software  link : [[ChromeDriver: chrome on WINDOWS (14f9e5f3611f17c75a76ea0270daf8e5)] -> xpath: //ul[@class='top-menu notmobile']/li[1]/ul/li[3]/a]
2021-06-28 22:06:82 INFO  ComputerPage :60 - verify software text : [[ChromeDriver: chrome on WINDOWS (14f9e5f3611f17c75a76ea0270daf8e5)] -> xpath: //h1[contains(text(),'Software')]]
2021-06-28 23:06:873 INFO  BasePage :31 - Launching Chrome Browser 
2021-06-28 23:06:248 INFO  BasePage :31 - Launching Chrome Browser 
2021-06-28 23:06:361 INFO  BasePage :31 - Launching Chrome Browser 
2021-06-28 23:06:593 INFO  HomePage :48 - Clicking on login link : [[ChromeDriver: chrome on WINDOWS (782ab3c5f1680d563af6cd9a93a01911)] -> xpath: //a[@class='ico-register']]
2021-06-28 23:06:698 INFO  RegisterPage :39 - Getting text from : [[ChromeDriver: chrome on WINDOWS (782ab3c5f1680d563af6cd9a93a01911)] -> xpath: //h1[contains(text(),'Register')]]
2021-06-28 23:06:899 INFO  BasePage :31 - Launching Chrome Browser 
2021-06-28 23:06:139 INFO  HomePage :48 - Clicking on login link : [[ChromeDriver: chrome on WINDOWS (46e6dccb981285676483c77ee165289b)] -> xpath: //a[@class='ico-register']]
2021-06-28 23:06:411 INFO  RegisterPage :47 - Click on register button : [[ChromeDriver: chrome on WINDOWS (46e6dccb981285676483c77ee165289b)] -> xpath: //button[@id='register-button']]
2021-06-28 23:06:65 INFO  RegisterPage :58 - Getting text from : Proxy element for: DefaultElementLocator 'By.xpath: //span[@id='FirstName-error']'
2021-06-28 23:06:348 INFO  BasePage :31 - Launching Chrome Browser 
2021-06-28 23:06:922 INFO  HomePage :48 - Clicking on login link : [[ChromeDriver: chrome on WINDOWS (f6654f3698feb1d8c3fef1570e962327)] -> xpath: //a[@class='ico-register']]
2021-06-28 23:06:745 INFO  RegisterPage :47 - Click on register button : [[ChromeDriver: chrome on WINDOWS (f6654f3698feb1d8c3fef1570e962327)] -> xpath: //button[@id='register-button']]
2021-06-28 23:06:304 INFO  RegisterPage :58 - Getting text from : [[ChromeDriver: chrome on WINDOWS (f6654f3698feb1d8c3fef1570e962327)] -> xpath: //span[@id='FirstName-error']]
2021-06-29 00:06:798 INFO  BasePage :31 - Launching Chrome Browser 
2021-06-29 00:06:563 INFO  HomePage :48 - Clicking on login link : [[ChromeDriver: chrome on WINDOWS (86d83f7676dc0cd7d5a1bbc0ded90b3b)] -> xpath: //a[@class='ico-register']]
2021-06-29 00:06:857 INFO  RegisterPage :66 - Entering  confirmed password : [[ChromeDriver: chrome on WINDOWS (86d83f7676dc0cd7d5a1bbc0ded90b3b)] -> xpath: //input[@id='FirstName']] to first name  field : [[ChromeDriver: chrome on WINDOWS (86d83f7676dc0cd7d5a1bbc0ded90b3b)] -> xpath: //input[@id='FirstName']]
2021-06-29 00:06:151 INFO  RegisterPage :73 - Enter  last name password : [[ChromeDriver: chrome on WINDOWS (86d83f7676dc0cd7d5a1bbc0ded90b3b)] -> xpath: //input[@id='LastName']] to Last Name field : [[ChromeDriver: chrome on WINDOWS (86d83f7676dc0cd7d5a1bbc0ded90b3b)] -> xpath: //input[@id='LastName']]
2021-06-29 00:06:490 INFO  LoginPage :38 - Entering email address : kelly.spencer@yahoo.com to email field : [[ChromeDriver: chrome on WINDOWS (86d83f7676dc0cd7d5a1bbc0ded90b3b)] -> id: Email]
2021-06-29 00:06:200 INFO  LoginPage :44 - Entering password : abcd1234 to password field : [[ChromeDriver: chrome on WINDOWS (86d83f7676dc0cd7d5a1bbc0ded90b3b)] -> id: Password]
2021-06-29 00:06:400 INFO  RegisterPage :53 - Entering  confirmed password : abcd1234 to confirmed password field : [[ChromeDriver: chrome on WINDOWS (86d83f7676dc0cd7d5a1bbc0ded90b3b)] -> xpath: //input[@id='ConfirmPassword']]
2021-06-29 00:06:552 INFO  RegisterPage :47 - Click on register button : [[ChromeDriver: chrome on WINDOWS (86d83f7676dc0cd7d5a1bbc0ded90b3b)] -> xpath: //button[@id='register-button']]
2021-06-29 00:06:102 INFO  RegisterPage :79 - Enter  last name password : Proxy element for: DefaultElementLocator 'By.xpath: //div[contains(text(),'Your registration completed')]'
2021-06-29 00:06:604 INFO  BasePage :31 - Launching Chrome Browser 
2021-06-29 00:06:952 INFO  HomePage :48 - Clicking on login link : [[ChromeDriver: chrome on WINDOWS (e395d9bda3841e9c8926038d8bd031c5)] -> xpath: //a[@class='ico-register']]
2021-06-29 00:06:782 INFO  RegisterPage :66 - Entering  confirmed password : [[ChromeDriver: chrome on WINDOWS (e395d9bda3841e9c8926038d8bd031c5)] -> xpath: //input[@id='FirstName']] to first name  field : [[ChromeDriver: chrome on WINDOWS (e395d9bda3841e9c8926038d8bd031c5)] -> xpath: //input[@id='FirstName']]
2021-06-29 00:06:999 INFO  RegisterPage :73 - Enter  last name password : [[ChromeDriver: chrome on WINDOWS (e395d9bda3841e9c8926038d8bd031c5)] -> xpath: //input[@id='LastName']] to Last Name field : [[ChromeDriver: chrome on WINDOWS (e395d9bda3841e9c8926038d8bd031c5)] -> xpath: //input[@id='LastName']]
2021-06-29 00:06:283 INFO  LoginPage :38 - Entering email address : kelly.spencer@yahoo.com to email field : [[ChromeDriver: chrome on WINDOWS (e395d9bda3841e9c8926038d8bd031c5)] -> id: Email]
2021-06-29 00:06:34 INFO  LoginPage :44 - Entering password : abcd1234 to password field : [[ChromeDriver: chrome on WINDOWS (e395d9bda3841e9c8926038d8bd031c5)] -> id: Password]
2021-06-29 00:06:218 INFO  RegisterPage :53 - Entering  confirmed password : abcd1234 to confirmed password field : [[ChromeDriver: chrome on WINDOWS (e395d9bda3841e9c8926038d8bd031c5)] -> xpath: //input[@id='ConfirmPassword']]
2021-06-29 00:06:225 INFO  RegisterPage :47 - Click on register button : Proxy element for: DefaultElementLocator 'By.xpath: //button[@id='register-button']'
2021-06-29 00:06:296 INFO  RegisterPage :79 - Enter  last name password : [[ChromeDriver: chrome on WINDOWS (e395d9bda3841e9c8926038d8bd031c5)] -> xpath: //div[contains(text(),'Your registration completed')]]
